     ************************************************************
     * THIS PROGRAM CALCULATES TOTAL DEFORMATION ENERGY OF THE  *
     * NUCLEUS EMPLOYING AXIALLY DEFORMED WOODS-SAXON POTENTIAL *
     * AND APPLYING STRUTINSKY SHELL CORRECTION METHOD          *
     ************************************************************
     * THE NUCLEUS SHAPE PARAMETERIZATION IS BASED ON CASSINI   *
     * OVALS, ACCORDING TO V.V.PASHKEVICH:                      *
     *    [Reports JINR-P4-5581(1971),JINR-P4-4383(1969)]       *
     *    [Nucl.Phys.A169(1971) 275]                            *
     ************************************************************
     *                    AUTHORS:                              *
     *  F.GARCIA, O.RODRIGUEZ,J.MESA,J.DT ARRUDA-NETO,E.GARROTE *
     *             R.CAPOTE &  F.GUZMAN                         *
     * You can send any comments to:                            *
     *  F.Garcia;fermin@if.usp.br            FAX:(5511) 8186832 *
     *  O.Rodriguez; oscar@if.usp.br         FAX:(537) 8186715  *
     *  E.Garrote; ernesto@alpha2.ft.uam.es, FAX:(341) 3973936  *
     *  R.Capote;  ceaden@ceniai.cu          FAX:(537) 331188   *
     ************************************************************


                                 ************************************************
                                 *  SHAPE PARAMETERIZATION USING CASSINI OVALS  *
                                 *  See NUCL.PHYS.A169(1971)275  V.V.PASHKEVICH *
                                 ************************************************
 THE WAVE FUNCTIONS ARE NOT RECORDED

 THE LAST DATA SET RUN ...  0
          RUN NUMBER ....  1



       SINGLE (NO-LOOP) CALCULATION...

 THE ENERGY CUT OFF PARAMETER =  800.0
 *********************************************************************************************************************************
 *                                                                                                                               *
 * SHELL MODEL - DEFORMED WOODS-SAXON POTENTIAL                                                        NUCLEUS Z= 92 N=144 A=236 *
 *                                                                                                                               *
 * CENTRAL    POTENTIAL  -  DEPTH  VO = -45.9                     DIFFUSENESS AVO =  0.630                    RADIUS RO =   7.66 *
 *                                                                                                                               *
 * SPIN-ORBIT POTENTIAL  -  DEPTH VSO =  17.5                     DIFFUSENESS ASO =  0.630                    RADIUS RV =   7.66 *
 *                                                                                                                               *
 * D E F O R M A T I O N:                                                                                                        *
 * EPSILON =  0.830 ALPHA1=  0.000 ALPHA2=  0.000 ALPHA3=  0.148 ALPHA4= -0.160 ALPHA5=  0.000 ALPHA6=  0.000                    *
 *                                         BETA1=  0.000 BETA2=  0.000 BETA3=  0.198 BETA4= -0.189 BETA5=  0.000 BETA6=  0.000   *
 *                                                                                                                               *
 * AUXILIARY PARAMETERS     U1 =-11.6589   U2 =13.6957    COUSO = 0         BC = 0.8468463    HMZ=  3.911  HMP= 11.359           *
 *                                                                                                                               *
 *                          IH = 36   IL = 19 BS =1.2650812  CVOLUM = 1.32989 FACC =1.2000    NMP=17   NMN=17   ILS=17           *
 *                                                                                                                               *
 *                          IPROT = 0   CHOICE =  2   UBAR = -0.090463        ROSO =1.2400    HOMO =   7.961  XL=34.29           *
 *                                                                                                                               *
 *********************************************************************************************************************************
 *********************************************************************************************************************************
 *                                                                                                                               *
 *                                                                                                                               *
 *        SINGLE PARTICLE NUCLEAR SPECTRUM - SHELL MODEL DEFORMED POTENTIAL WELL                                   NEUTRONS      *
 *                                                                                                                               *
 *        NO)     ENERGY    STATE       NO)     ENERGY    STATE       NO)     ENERGY    STATE       NO)     ENERGY    STATE      *
 *                                                                                                                               *
 *         1)   -37.5951    1/2         69)    -4.5213    5/2        137)     7.1809    3/2  E     205)    14.1090   13/2  E     *
 *         2)   -35.5056    1/2         70)    -4.0663    9/2        138)     7.2579    7/2  E     206)    14.1237    7/2  E     *
 *         3)   -34.9441    1/2         71)    -3.3915    3/2        139)     7.4623    1/2  E     207)    14.3885    1/2  E     *
 *         4)   -34.6437    3/2         72)    -3.3150    5/2        140)     7.5027    5/2  E     208)    14.4312    3/2  E     *
 *         5)   -31.4180    1/2         73)    -3.2372   13/2        141)     8.0372    3/2  E     209)    14.4489   13/2  E     *
 *         6)   -30.4272    1/2         74)    -3.1322    1/2        142)     8.0516    1/2  E     210)    14.5146   11/2  E     *
 *         7)   -30.4116    3/2         75)    -2.5714    1/2        143)     8.1439    9/2  E     211)    14.6240    7/2  E     *
 *         8)   -29.8441    5/2         76)    -2.4481    3/2        144)     8.1643    5/2  E     212)    14.6661    5/2  E     *
 *         9)   -29.2597    3/2         77)    -2.3021    7/2        145)     8.1898    1/2  E     213)    14.7075    3/2  E     *
 *        10)   -27.9003    1/2         78)    -1.9728    5/2        146)     8.4703    7/2  E     214)    14.8572    5/2  E     *
 *        11)   -27.2103    3/2         79)    -1.9721    1/2        147)     8.4719    5/2  E     215)    15.0509    1/2  E     *
 *        12)   -26.9883    1/2         80)    -1.8516   11/2        148)     8.5763   11/2  E     216)    15.0876   11/2  E     *
 *        13)   -26.1233    1/2         81)    -1.4946    5/2        149)     8.6181    9/2  E     217)    15.1759    9/2  E     *
 *        14)   -24.1084    1/2         82)    -1.4510    3/2        150)     8.7586    3/2  E     218)    15.2845    1/2  E     *
 *        15)   -24.0103    5/2         83)    -1.3794    7/2        151)     8.7888    1/2  E     219)    15.3920   13/2  E     *
 *        16)   -23.9916    7/2         84)    -1.2209    1/2        152)     8.8574    3/2  E     220)    15.4787    5/2  E     *
 *        17)   -23.1846    3/2         85)    -1.1691    5/2        153)     8.8904   13/2        221)    15.5276    3/2  E     *
 *        18)   -22.9542    5/2         86)    -0.7851    9/2        154)     8.9123    7/2  E     222)    15.5813    1/2  E     *
 *        19)   -21.9646    3/2         87)    -0.6374    3/2        155)     8.9817    5/2  E     223)    15.6485    3/2  E     *
 *        20)   -21.2934    1/2         88)    -0.2557    1/2        156)     9.0292   11/2  E     224)    15.6998    9/2  E     *
 *        21)   -20.9582    1/2         89)     0.0820   11/2        157)     9.1111    9/2  E     225)    15.7638    7/2  E     *
 *        22)   -20.6725    5/2         90)     0.2865    9/2        158)     9.2171    1/2  E     226)    15.8570   11/2  E     *
 *        23)   -20.5476    1/2         91)     0.3919    3/2        159)     9.2725    5/2  E     227)    15.8834    5/2  E     *
 *        24)   -20.4805    3/2         92)     0.4492    7/2        160)     9.4208    7/2  E     228)    15.9831    7/2  E     *
 *        25)   -19.2734    3/2         93)     0.5636    1/2  E     161)     9.5008    7/2  E     229)    16.0676    3/2  E     *
 *        26)   -18.8551    1/2         94)     0.6614    3/2  E     162)     9.5461    9/2  E     230)    16.2318    1/2  E     *
 *        27)   -18.1618    3/2         95)     0.7467    5/2        163)     9.5551    3/2  E     231)    16.2975   13/2  E     *
 *        28)   -17.5071    9/2         96)     0.8516    7/2        164)     9.5713    1/2  E     232)    16.3069    9/2  E     *
 *        29)   -17.4070    1/2         97)     0.9069    3/2  E     165)     9.6512    5/2  E     233)    16.5234    5/2  E     *
 *        30)   -16.6091    7/2         98)     1.3366    1/2  E     166)     9.8516    7/2  E     234)    16.5317    1/2  E     *
 *        31)   -16.5889    1/2         99)     1.4428    1/2  E     167)     9.9335    1/2  E     235)    16.5927    3/2  E     *
 *        32)   -16.3333    7/2        100)     1.6029    5/2  E     168)     9.9468    9/2  E     236)    16.6137    7/2  E     *
 *        33)   -16.2080    1/2        101)     1.7551    1/2  E     169)     9.9793    3/2  E     237)    16.6638    3/2  E     *
 *        34)   -15.6499    5/2        102)     1.9623    9/2        170)    10.0785    1/2  E     238)    16.7677   11/2  E     *
 *        35)   -15.3910    5/2        103)     2.1219    1/2  E     171)    10.1420    3/2  E     239)    17.0432   11/2  E     *
 *        36)   -15.0536    1/2        104)     2.5918    3/2  E     172)    10.3607    5/2  E     240)    17.0830    7/2  E     *
 *        37)   -14.5720    3/2        105)     2.8278    5/2  E     173)    10.8630    1/2  E     241)    17.1658    1/2  E     *
 *        38)   -14.3909    3/2        106)     2.8331    7/2        174)    10.8740    5/2  E     242)    17.2138    5/2  E     *
 *        39)   -12.7551    7/2        107)     3.1682    3/2  E     175)    10.9079    3/2  E     243)    17.3615    5/2  E     *
 *        40)   -12.6428    3/2        108)     3.5049    3/2  E     176)    11.0587    7/2  E     244)    17.3894    9/2  E     *
 *        41)   -12.2709    1/2        109)     3.6529    1/2  E     177)    11.1311    1/2  E     245)    17.4038    1/2  E     *
 *        42)   -11.9801    5/2        110)     3.7666    7/2  E     178)    11.1440    3/2  E     246)    17.5369    3/2  E     *
 *        43)   -11.8435    5/2        111)     3.8063    1/2  E     179)    11.1615    9/2  E     247)    17.5395   15/2  E     *
 *        44)   -11.7949    1/2        112)     3.8326    5/2  E     180)    11.2325    7/2  E     248)    17.6595    7/2  E     *
 *        45)   -11.2993    3/2        113)     4.0750    3/2  E     181)    11.6097    5/2  E     249)    17.7360    3/2  E     *
 *        46)   -11.0285    5/2        114)     4.2505    1/2  E     182)    11.6449    1/2  E     250)    17.8509    9/2  E     *
 *        47)   -10.8018    3/2        115)     4.4016   15/2        183)    11.8690    5/2  E     251)    17.8724    7/2  E     *
 *        48)   -10.6172    1/2        116)     4.4930    5/2  E     184)    11.9268    9/2  E     252)    17.9271   11/2  E     *
 *        49)   -10.5621   11/2        117)     4.6777    3/2  E     185)    12.0767    3/2  E     253)    18.1669    1/2  E     *
 *        50)   -10.4336    1/2        118)     4.7507    1/2  E     186)    12.2302    7/2  E     254)    18.2149   13/2  E     *
 *        51)    -9.8509    1/2        119)     5.0689   11/2        187)    12.2858   11/2  E     255)    18.2551   11/2  E     *
 *        52)    -9.7516    3/2        120)     5.1821    1/2  E     188)    12.3123   17/2        256)    18.4136    9/2  E     *
 *        53)    -9.3212    3/2        121)     5.4307    5/2  E     189)    12.4201    1/2  E     257)    18.5363    5/2  E     *
 *        54)    -9.2755    9/2        122)     5.4439    3/2  E     190)    12.5041    3/2  E     258)    18.5856    5/2  E     *
 *        55)    -8.4929    9/2        123)     5.5451    1/2  E     191)    12.8859    3/2  E     259)    18.6313    7/2  E     *
 *        56)    -8.3093    7/2        124)     5.5639    3/2  E     192)    12.8863    1/2  E     260)    18.6625    3/2  E     *
 *        57)    -7.9905    7/2        125)     5.5660    7/2  E     193)    13.0302    9/2  E     261)    18.7942    1/2  E     *
 *        58)    -7.7823    3/2        126)     5.8396    5/2  E     194)    13.0687    3/2  E     262)    18.9483   15/2  E     *
 *        59)    -7.4058    1/2        127)     5.8577   13/2        195)    13.1576    7/2  E     263)    19.0140    5/2  E     *
 *        60)    -7.2537    1/2        128)     5.8643    1/2  E     196)    13.3733    5/2  E     264)    19.1142    3/2  E     *
 *        61)    -7.1966    5/2        129)     6.1707    5/2  E     197)    13.5972    1/2  E     265)    19.1263   13/2  E     *
 *        62)    -7.0672    5/2        130)     6.2723    3/2  E     198)    13.6247    5/2  E     266)    19.2287   11/2  E     *
 *        63)    -6.0876    1/2        131)     6.5606    9/2  E     199)    13.6577    1/2  E     267)    19.2883    9/2  E     *
 *        64)    -5.6026    3/2        132)     6.8851    1/2  E     200)    13.8144   15/2        268)    19.2939    1/2  E     *
 *        65)    -5.0941    3/2        133)     7.0554    3/2  E     201)    13.8158    5/2  E     269)    19.3355    7/2  E     *
 *        66)    -5.0786    7/2        134)     7.0781    7/2  E     202)    13.9443    3/2  E     270)    19.3846    3/2  E     *
 *        67)    -4.9525    1/2        135)     7.0793   11/2        203)    14.0039    1/2  E     271)    19.4725    1/2  E     *
 *        68)    -4.7571    1/2        136)     7.1544    1/2  E     204)    14.0067    9/2  E     272)    19.6974    5/2  E     *
 *                                                                                                                               *
 *********************************************************************************************************************************
1


 MAXIMA OF THE EFFECTIVE BARRIERS VS. LAMBDA

 V(L=1)= 0.097   V(L=2)= 0.590   V(L=3)= 1.546   V(L=4)= 3.026   V(L=5)= 5.127   V(L=6)= 7.892   V(L=7)=11.284   V(L=8)=15.610


 DIMENSIONS OF THE OMEGA SUBBLOCKS VS. OMEGA

 DIM( 1/2)=171   DIM( 3/2)=153   DIM( 5/2)=136   DIM( 7/2)=120   DIM( 9/2)=105   DIM(11/2)= 91   DIM(13/2)= 78   DIM(15/2)= 66
 DIM(17/2)= 55   DIM(19/2)= 45   DIM(21/2)= 36   DIM(23/2)= 28   DIM(25/2)= 21   DIM(27/2)= 15   DIM(29/2)= 10   DIM(31/2)=  6


 CORREPONDING MAXIMUM VALUES OF THE N-SHELLS

 NMX( 1/2)= 17   NMX( 3/2)= 17   NMX( 5/2)= 17   NMX( 7/2)= 17   NMX( 9/2)= 17   NMX(11/2)= 17   NMX(13/2)= 17   NMX(15/2)= 17
 NMX(17/2)= 17   NMX(19/2)= 17   NMX(21/2)= 17   NMX(23/2)= 17   NMX(25/2)= 17   NMX(27/2)= 17   NMX(29/2)= 17   NMX(31/2)= 17

 ====================================================================== UMAXX=-0.797 (-8.122 IN Z)  VMAXX= 0.662 ( 6.749 IN RO)
 *********************************************************************************************************************************
 *                                                                                                                               *
 * SHELL MODEL - DEFORMED WOODS-SAXON POTENTIAL                                                        NUCLEUS Z= 92 N=144 A=236 *
 *                                                                                                                               *
 * CENTRAL    POTENTIAL  -  DEPTH  VO = -60.7                     DIFFUSENESS AVO =  0.630                    RADIUS RO =   7.66 *
 *                                                                                                                               *
 * SPIN-ORBIT POTENTIAL  -  DEPTH VSO =  23.2                     DIFFUSENESS ASO =  0.630                    RADIUS RV =   7.66 *
 *                                                                                                                               *
 * D E F O R M A T I O N:                                                                                                        *
 * EPSILON =  0.830 ALPHA1=  0.000 ALPHA2=  0.000 ALPHA3=  0.148 ALPHA4= -0.160 ALPHA5=  0.000 ALPHA6=  0.000                    *
 *                                         BETA1=  0.000 BETA2=  0.000 BETA3=  0.198 BETA4= -0.189 BETA5=  0.000 BETA6=  0.000   *
 *                                                                                                                               *
 * AUXILIARY PARAMETERS     U1 =-11.6589   U2 =13.6957    COUSO = 0         BC = 0.8468463    HMZ=  3.911  HMP= 11.359           *
 *                                                                                                                               *
 *                          IH = 36   IL = 19 BS =1.2650812  CVOLUM = 1.32989 FACC =0.0000    NMP=17   NMN=17   ILS=17           *
 *                                                                                                                               *
 *                          IPROT = 1   CHOICE =  2   UBAR = -0.090463        ROSO =1.2400    HOMO =   0.000  XL=34.29           *
 *                                                                                                                               *
 *********************************************************************************************************************************
 *********************************************************************************************************************************
 *                                                                                                                               *
 *                                                                                                                               *
 *        SINGLE PARTICLE NUCLEAR SPECTRUM - SHELL MODEL DEFORMED POTENTIAL WELL                                    PROTONS      *
 *                                                                                                                               *
 *        NO)     ENERGY    STATE       NO)     ENERGY    STATE       NO)     ENERGY    STATE       NO)     ENERGY    STATE      *
 *                                                                                                                               *
 *         1)   -32.4393    1/2         69)     1.9153    5/2        137)    15.9643    9/2        205)    23.2483    5/2  E     *
 *         2)   -32.3816    1/2         70)     1.9493    9/2        138)    15.9974    5/2  E     206)    23.4234    7/2  E     *
 *         3)   -29.9850    1/2         71)     2.4839    5/2        139)    16.1549    7/2  E     207)    23.4493   15/2        *
 *         4)   -29.8013    3/2         72)     2.5963    1/2        140)    16.1923   11/2        208)    23.4922    1/2  E     *
 *         5)   -27.2348    3/2         73)     3.1141   11/2        141)    16.2435    1/2  E     209)    23.4924   13/2  E     *
 *         6)   -27.1101    1/2         74)     3.4128    3/2        142)    16.3685    3/2  E     210)    23.6945    3/2  E     *
 *         7)   -25.5550    1/2         75)     3.6434    3/2        143)    16.4966    5/2  E     211)    23.7104    1/2  E     *
 *         8)   -25.2608    5/2         76)     3.8060    1/2        144)    16.7047    5/2  E     212)    23.7306    5/2  E     *
 *         9)   -24.4697    3/2         77)     4.1041    7/2        145)    16.7461    9/2  E     213)    23.7340    7/2  E     *
 *        10)   -22.5004    1/2         78)     4.1631   11/2        146)    16.9306    7/2  E     214)    23.9619    1/2  E     *
 *        11)   -22.1738    1/2         79)     4.3196    5/2        147)    17.1137    7/2  E     215)    23.9885    3/2  E     *
 *        12)   -21.6902    3/2         80)     4.3476    7/2        148)    17.1383    1/2  E     216)    24.1043    9/2  E     *
 *        13)   -20.7420    5/2         81)     4.5740    1/2        149)    17.1915    3/2  E     217)    24.1127   13/2  E     *
 *        14)   -20.6479    1/2         82)     4.6538    9/2        150)    17.3340    1/2  E     218)    24.1421    1/2  E     *
 *        15)   -19.6452    3/2         83)     4.8114    9/2        151)    17.4453    5/2  E     219)    24.2863    5/2  E     *
 *        16)   -19.5661    7/2         84)     5.1707    5/2        152)    17.4485   17/2        220)    24.3553   11/2  E     *
 *        17)   -18.3218    1/2         85)     5.8987    3/2        153)    17.4873    3/2  E     221)    24.5680    1/2  E     *
 *        18)   -18.1820    5/2         86)     6.0125    7/2        154)    17.7145    9/2  E     222)    24.7255    7/2  E     *
 *        19)   -17.1467    1/2         87)     6.0784    5/2        155)    17.7165    7/2  E     223)    24.8149    5/2  E     *
 *        20)   -16.8020    3/2         88)     6.1514    1/2        156)    17.7526    1/2  E     224)    24.8642   11/2  E     *
 *        21)   -16.1745    3/2         89)     6.6526    1/2        157)    17.9264    5/2  E     225)    24.9030    3/2  E     *
 *        22)   -15.2577    5/2         90)     6.7466    7/2        158)    17.9959    3/2  E     226)    24.9371    3/2  E     *
 *        23)   -15.0991    1/2         91)     6.9330    3/2        159)    18.0964    9/2  E     227)    25.1095    1/2  E     *
 *        24)   -14.6127    1/2         92)     7.0585    1/2        160)    18.2181    5/2  E     228)    25.1427    3/2  E     *
 *        25)   -13.2646    3/2         93)     7.5427    3/2        161)    18.2207    1/2  E     229)    25.1824    9/2  E     *
 *        26)   -13.1861    7/2         94)     7.8270    5/2        162)    18.4920    3/2  E     230)    25.3201    1/2  E     *
 *        27)   -13.1406    9/2         95)     8.1561    3/2        163)    18.5813    1/2  E     231)    25.3967    7/2  E     *
 *        28)   -12.9853    1/2         96)     8.4298    5/2        164)    18.5939    7/2  E     232)    25.5046    5/2  E     *
 *        29)   -12.5918    1/2         97)     8.5595    1/2        165)    18.6746    3/2  E     233)    25.6201    1/2  E     *
 *        30)   -12.2790    3/2         98)     8.5974    3/2        166)    18.8066    3/2  E     234)    25.6414    3/2  E     *
 *        31)   -11.7935    5/2         99)     8.6879    9/2        167)    18.8569    1/2  E     235)    25.7334    7/2  E     *
 *        32)   -11.5708    7/2        100)     9.1722   15/2        168)    18.9933    7/2  E     236)    25.8824    9/2  E     *
 *        33)   -11.3480    1/2        101)     9.1927    1/2        169)    19.0002    5/2  E     237)    25.9136   11/2  E     *
 *        34)   -10.2857    3/2        102)     9.7291    1/2        170)    19.2024    1/2  E     238)    25.9836    9/2  E     *
 *        35)   -10.2747    5/2        103)     9.9114    5/2        171)    19.3948    3/2  E     239)    25.9930    7/2  E     *
 *        36)    -9.9821    1/2        104)    10.0493    1/2        172)    19.5450    5/2  E     240)    26.0054    5/2  E     *
 *        37)    -9.0969    1/2        105)    10.0589    7/2        173)    19.5835   15/2        241)    26.0170   19/2        *
 *        38)    -8.7123    3/2        106)    10.4544    3/2        174)    19.7815    1/2  E     242)    26.1138   11/2  E     *
 *        39)    -7.1457    7/2        107)    10.5900    7/2        175)    19.9258    5/2  E     243)    26.2493    5/2  E     *
 *        40)    -7.0732    5/2        108)    10.9004    1/2  E     176)    20.1129    3/2  E     244)    26.6331    3/2  E     *
 *        41)    -6.9816    1/2        109)    11.1309   13/2        177)    20.2813    1/2  E     245)    26.9380    7/2  E     *
 *        42)    -6.4234    3/2        110)    11.1906    3/2  E     178)    20.3697    7/2  E     246)    26.9639    5/2  E     *
 *        43)    -6.1604   11/2        111)    11.5658   11/2        179)    20.4138    1/2  E     247)    26.9736    3/2  E     *
 *        44)    -6.0605    5/2        112)    11.8064    5/2        180)    20.6160    5/2  E     248)    27.1356    1/2  E     *
 *        45)    -5.7765    3/2        113)    11.9881    1/2  E     181)    20.6534    3/2  E     249)    27.1588    9/2  E     *
 *        46)    -5.1695    1/2        114)    12.0989    3/2  E     182)    20.8837   13/2        250)    27.2242   11/2  E     *
 *        47)    -5.1282    1/2        115)    12.6016    3/2  E     183)    20.9396    3/2  E     251)    27.4100    1/2  E     *
 *        48)    -4.8357    5/2        116)    12.7401    5/2  E     184)    20.9890    7/2  E     252)    27.5238   13/2  E     *
 *        49)    -4.8173    9/2        117)    13.1705    9/2        185)    21.0693    1/2  E     253)    27.5614    3/2  E     *
 *        50)    -4.7148    3/2        118)    13.1765    1/2  E     186)    21.2318    9/2  E     254)    27.7713    7/2  E     *
 *        51)    -4.6762    3/2        119)    13.1952   11/2        187)    21.5604    5/2  E     255)    27.7808    1/2  E     *
 *        52)    -4.4565    9/2        120)    13.2374    3/2  E     188)    21.6650    3/2  E     256)    27.8740    5/2  E     *
 *        53)    -4.2429    1/2        121)    13.5927    1/2  E     189)    22.0021    5/2  E     257)    27.9115   11/2  E     *
 *        54)    -3.8673    7/2        122)    13.6519   13/2        190)    22.0672    1/2  E     258)    28.0050    9/2  E     *
 *        55)    -3.2074    1/2        123)    13.8093    5/2  E     191)    22.0837    9/2  E     259)    28.1364    3/2  E     *
 *        56)    -3.0993    7/2        124)    13.8568    1/2  E     192)    22.1118    7/2  E     260)    28.1496    5/2  E     *
 *        57)    -2.8432    3/2        125)    14.2117    7/2  E     193)    22.1798   11/2  E     261)    28.1584   17/2        *
 *        58)    -2.4187    5/2        126)    14.2196    3/2  E     194)    22.2509    3/2  E     262)    28.3256    7/2  E     *
 *        59)    -1.3857    5/2        127)    14.3001    1/2  E     195)    22.3996    1/2  E     263)    28.3901    1/2  E     *
 *        60)    -1.2050    1/2        128)    14.3417   11/2        196)    22.6553    3/2  E     264)    28.5225    3/2  E     *
 *        61)    -0.8069    3/2        129)    14.7251    7/2  E     197)    22.8443   13/2  E     265)    28.5437   11/2  E     *
 *        62)    -0.1310    1/2        130)    14.7487    3/2  E     198)    22.9087    7/2  E     266)    28.7883    9/2  E     *
 *        63)     0.1801    3/2        131)    14.8116    1/2  E     199)    22.9148    5/2  E     267)    28.8125    1/2  E     *
 *        64)     1.1130    7/2        132)    15.1302    9/2        200)    22.9424    9/2  E     268)    28.8181    5/2  E     *
 *        65)     1.1346    3/2        133)    15.2541    5/2  E     201)    23.0229   11/2  E     269)    28.9324    7/2  E     *
 *        66)     1.2327    1/2        134)    15.2909    3/2  E     202)    23.1687    3/2  E     270)    28.9655    9/2  E     *
 *        67)     1.2927   13/2        135)    15.4648    1/2  E     203)    23.1818    1/2  E     271)    28.9759    3/2  E     *
 *        68)     1.7606    1/2        136)    15.7797    1/2  E     204)    23.2448    9/2  E     272)    29.0064    1/2  E     *
 *                                                                                                                               *
 *********************************************************************************************************************************
1


 MAXIMA OF THE EFFECTIVE BARRIERS VS. LAMBDA

 V(L=1)=10.417   V(L=2)=11.118   V(L=3)=12.287   V(L=4)=13.924   V(L=5)=16.192   V(L=6)=19.066   V(L=7)=22.463   V(L=8)=26.842


 DIMENSIONS OF THE OMEGA SUBBLOCKS VS. OMEGA

 DIM( 1/2)=171   DIM( 3/2)=153   DIM( 5/2)=136   DIM( 7/2)=120   DIM( 9/2)=105   DIM(11/2)= 91   DIM(13/2)= 78   DIM(15/2)= 66
 DIM(17/2)= 55   DIM(19/2)= 45   DIM(21/2)= 36   DIM(23/2)= 28   DIM(25/2)= 21   DIM(27/2)= 15   DIM(29/2)= 10   DIM(31/2)=  6


 CORREPONDING MAXIMUM VALUES OF THE N-SHELLS

 NMX( 1/2)= 17   NMX( 3/2)= 17   NMX( 5/2)= 17   NMX( 7/2)= 17   NMX( 9/2)= 17   NMX(11/2)= 17   NMX(13/2)= 17   NMX(15/2)= 17
 NMX(17/2)= 17   NMX(19/2)= 17   NMX(21/2)= 17   NMX(23/2)= 17   NMX(25/2)= 17   NMX(27/2)= 17   NMX(29/2)= 17   NMX(31/2)= 17

 ====================================================================== UMAXX=-0.797 (-8.122 IN Z)  VMAXX= 0.662 ( 6.749 IN RO)
